build/app/intermediates/manifest_merge_blame_file/release/manifest-merger-blame-release-report.txt
1<?xml version="1.0" encoding="utf-8"?>
2<manifest xmlns:android="http://schemas.android.com/apk/res/android"
3    package="com.atoz.shop_zone"
4    android:versionCode="1"
5    android:versionName="1.0.0" >
6
7    <uses-sdk
8        android:minSdkVersion="19"
8-->src\main\AndroidManifest.xml
9        android:targetSdkVersion="33" />
9-->src\main\AndroidManifest.xml
10
11    <uses-permission android:name="android.permission.INTERNET" />
11-->[:firebase_messaging] AndroidManifest.xml:9:5-67
11-->[:firebase_messaging] AndroidManifest.xml:9:22-64
12    <uses-permission android:name="android.permission.WAKE_LOCK" />
12-->[:firebase_messaging] AndroidManifest.xml:10:5-68
12-->[:firebase_messaging] AndroidManifest.xml:10:22-65
13    <uses-permission android:name="android.permission.ACCESS_NETWORK_STATE" /> <!-- Permissions options for the `notification` group -->
13-->[:firebase_messaging] AndroidManifest.xml:11:5-79
13-->[:firebase_messaging] AndroidManifest.xml:11:22-76
14    <uses-permission android:name="android.permission.POST_NOTIFICATIONS" /> <!-- Required by older versions of Google Play services to create IID tokens -->
14-->[:firebase_messaging] AndroidManifest.xml:13:5-77
14-->[:firebase_messaging] AndroidManifest.xml:13:22-74
15    <uses-permission android:name="com.google.android.c2dm.permission.RECEIVE" />
15-->[com.google.firebase:firebase-iid:21.1.0] AndroidManifest.xml:26:5-82
15-->[com.google.firebase:firebase-iid:21.1.0] AndroidManifest.xml:26:22-79
16    <uses-permission android:name="com.google.android.gms.permission.AD_ID" />
16-->[com.google.android.gms:play-services-measurement-api:21.3.0] AndroidManifest.xml:25:5-79
16-->[com.google.android.gms:play-services-measurement-api:21.3.0] AndroidManifest.xml:25:22-76
17    <uses-permission android:name="com.google.android.finsky.permission.BIND_GET_INSTALL_REFERRER_SERVICE" />
17-->[com.google.android.gms:play-services-measurement:21.3.0] AndroidManifest.xml:26:5-110
17-->[com.google.android.gms:play-services-measurement:21.3.0] AndroidManifest.xml:26:22-107
18
19    <permission
19-->[androidx.core:core:1.10.1] AndroidManifest.xml:22:5-24:47
20        android:name="com.atoz.shop_zone.DYNAMIC_RECEIVER_NOT_EXPORTED_PERMISSION"
20-->[androidx.core:core:1.10.1] AndroidManifest.xml:23:9-81
21        android:protectionLevel="signature" />
21-->[androidx.core:core:1.10.1] AndroidManifest.xml:24:9-44
22
23    <uses-permission android:name="com.atoz.shop_zone.DYNAMIC_RECEIVER_NOT_EXPORTED_PERMISSION" />
23-->[androidx.core:core:1.10.1] AndroidManifest.xml:26:5-97
23-->[androidx.core:core:1.10.1] AndroidManifest.xml:26:22-94
24
25    <application
26        android:name="android.app.Application"
26-->src\main\AndroidManifest.xml:4:9-42
27        android:appComponentFactory="androidx.core.app.CoreComponentFactory"
27-->[androidx.core:core:1.10.1] AndroidManifest.xml:28:18-86
28        android:icon="@mipmap/ic_launcher"
28-->src\main\AndroidManifest.xml:5:9-43
29        android:label="shop_zone" >
29-->src\main\AndroidManifest.xml:3:9-34
30        <activity
30-->src\main\AndroidManifest.xml:6:9-26:20
31            android:name="com.atoz.shop_zone.MainActivity"
31-->src\main\AndroidManifest.xml:7:13-41
32            android:configChanges="orientation|keyboardHidden|keyboard|screenSize|smallestScreenSize|locale|layoutDirection|fontScale|screenLayout|density|uiMode"
32-->src\main\AndroidManifest.xml:11:13-163
33            android:exported="true"
33-->src\main\AndroidManifest.xml:8:13-36
34            android:hardwareAccelerated="true"
34-->src\main\AndroidManifest.xml:12:13-47
35            android:launchMode="singleTop"
35-->src\main\AndroidManifest.xml:9:13-43
36            android:theme="@style/LaunchTheme"
36-->src\main\AndroidManifest.xml:10:13-47
37            android:windowSoftInputMode="adjustResize" >
37-->src\main\AndroidManifest.xml:13:13-55
38
39            <!--
40                 Specifies an Android theme to apply to this Activity as soon as
41                 the Android process has started. This theme is visible to the user
42                 while the Flutter UI initializes. After that, this theme continues
43                 to determine the Window background behind the Flutter UI.
44            -->
45            <meta-data
45-->src\main\AndroidManifest.xml:18:13-21:17
46                android:name="io.flutter.embedding.android.NormalTheme"
46-->src\main\AndroidManifest.xml:19:15-70
47                android:resource="@style/NormalTheme" />
47-->src\main\AndroidManifest.xml:20:15-52
48
49            <intent-filter>
49-->src\main\AndroidManifest.xml:22:13-25:29
50                <action android:name="android.intent.action.MAIN" />
50-->src\main\AndroidManifest.xml:23:17-68
50-->src\main\AndroidManifest.xml:23:25-66
51
52                <category android:name="android.intent.category.LAUNCHER" />
52-->src\main\AndroidManifest.xml:24:17-76
52-->src\main\AndroidManifest.xml:24:27-74
53            </intent-filter>
54        </activity>
55        <!--
56             Don't delete the meta-data below.
57             This is used by the Flutter tool to generate GeneratedPluginRegistrant.java
58        -->
59        <meta-data
59-->src\main\AndroidManifest.xml:29:9-31:33
60            android:name="flutterEmbedding"
60-->src\main\AndroidManifest.xml:30:13-44
61            android:value="2" />
61-->src\main\AndroidManifest.xml:31:13-30
62
63        <service
63-->[:firebase_auth] AndroidManifest.xml:10:9-14:19
64            android:name="com.google.firebase.components.ComponentDiscoveryService"
64-->[:firebase_auth] AndroidManifest.xml:10:18-89
65            android:directBootAware="true"
65-->[com.google.firebase:firebase-common:20.3.3] AndroidManifest.xml:34:13-43
66            android:exported="false" >
66-->[com.google.firebase:firebase-analytics-ktx:21.3.0] AndroidManifest.xml:10:13-37
67            <meta-data
67-->[:firebase_auth] AndroidManifest.xml:11:13-13:85
68                android:name="com.google.firebase.components:io.flutter.plugins.firebase.auth.FlutterFirebaseAuthRegistrar"
68-->[:firebase_auth] AndroidManifest.xml:12:17-124
69                android:value="com.google.firebase.components.ComponentRegistrar" />
69-->[:firebase_auth] AndroidManifest.xml:13:17-82
70            <meta-data
70-->[:firebase_storage] AndroidManifest.xml:11:13-13:85
71                android:name="com.google.firebase.components:io.flutter.plugins.firebase.storage.FlutterFirebaseAppRegistrar"
71-->[:firebase_storage] AndroidManifest.xml:12:17-126
72                android:value="com.google.firebase.components.ComponentRegistrar" />
72-->[:firebase_storage] AndroidManifest.xml:13:17-82
73            <meta-data
73-->[:cloud_firestore] AndroidManifest.xml:11:13-13:85
74                android:name="com.google.firebase.components:io.flutter.plugins.firebase.firestore.FlutterFirebaseFirestoreRegistrar"
74-->[:cloud_firestore] AndroidManifest.xml:12:17-134
75                android:value="com.google.firebase.components.ComponentRegistrar" />
75-->[:cloud_firestore] AndroidManifest.xml:13:17-82
76            <meta-data
76-->[:firebase_messaging] AndroidManifest.xml:38:13-40:85
77                android:name="com.google.firebase.components:io.flutter.plugins.firebase.messaging.FlutterFirebaseAppRegistrar"
77-->[:firebase_messaging] AndroidManifest.xml:39:17-128
78                android:value="com.google.firebase.components.ComponentRegistrar" />
78-->[:firebase_messaging] AndroidManifest.xml:40:17-82
79            <meta-data
79-->[:firebase_core] AndroidManifest.xml:11:13-13:85
80                android:name="com.google.firebase.components:io.flutter.plugins.firebase.core.FlutterFirebaseCoreRegistrar"
80-->[:firebase_core] AndroidManifest.xml:12:17-124
81                android:value="com.google.firebase.components.ComponentRegistrar" />
81-->[:firebase_core] AndroidManifest.xml:13:17-82
82            <meta-data
82-->[com.google.firebase:firebase-analytics-ktx:21.3.0] AndroidManifest.xml:11:13-13:85
83                android:name="com.google.firebase.components:com.google.firebase.analytics.ktx.FirebaseAnalyticsKtxRegistrar"
83-->[com.google.firebase:firebase-analytics-ktx:21.3.0] AndroidManifest.xml:12:17-126
84                android:value="com.google.firebase.components.ComponentRegistrar" />
84-->[com.google.firebase:firebase-analytics-ktx:21.3.0] AndroidManifest.xml:13:17-82
85            <meta-data
85-->[com.google.firebase:firebase-common-ktx:20.3.3] AndroidManifest.xml:14:13-16:85
86                android:name="com.google.firebase.components:com.google.firebase.ktx.FirebaseCommonKtxRegistrar"
86-->[com.google.firebase:firebase-common-ktx:20.3.3] AndroidManifest.xml:15:17-113
87                android:value="com.google.firebase.components.ComponentRegistrar" />
87-->[com.google.firebase:firebase-common-ktx:20.3.3] AndroidManifest.xml:16:17-82
88            <meta-data
88-->[com.google.firebase:firebase-auth:22.1.2] AndroidManifest.xml:69:13-71:85
89                android:name="com.google.firebase.components:com.google.firebase.auth.FirebaseAuthRegistrar"
89-->[com.google.firebase:firebase-auth:22.1.2] AndroidManifest.xml:70:17-109
90                android:value="com.google.firebase.components.ComponentRegistrar" />
90-->[com.google.firebase:firebase-auth:22.1.2] AndroidManifest.xml:71:17-82
91            <meta-data
91-->[com.google.firebase:firebase-storage:20.2.1] AndroidManifest.xml:32:13-34:85
92                android:name="com.google.firebase.components:com.google.firebase.storage.StorageRegistrar"
92-->[com.google.firebase:firebase-storage:20.2.1] AndroidManifest.xml:33:17-107
93                android:value="com.google.firebase.components.ComponentRegistrar" />
93-->[com.google.firebase:firebase-storage:20.2.1] AndroidManifest.xml:34:17-82
94            <meta-data
94-->[com.google.firebase:firebase-firestore:24.8.1] AndroidManifest.xml:17:13-19:85
95                android:name="com.google.firebase.components:com.google.firebase.firestore.FirestoreRegistrar"
95-->[com.google.firebase:firebase-firestore:24.8.1] AndroidManifest.xml:18:17-111
96                android:value="com.google.firebase.components.ComponentRegistrar" />
96-->[com.google.firebase:firebase-firestore:24.8.1] AndroidManifest.xml:19:17-82
97            <meta-data
97-->[com.google.firebase:firebase-iid:21.1.0] AndroidManifest.xml:32:13-34:85
98                android:name="com.google.firebase.components:com.google.firebase.iid.Registrar"
98-->[com.google.firebase:firebase-iid:21.1.0] AndroidManifest.xml:33:17-96
99                android:value="com.google.firebase.components.ComponentRegistrar" />
99-->[com.google.firebase:firebase-iid:21.1.0] AndroidManifest.xml:34:17-82
100            <meta-data
100-->[com.google.firebase:firebase-messaging:23.2.1] AndroidManifest.xml:53:13-55:85
101                android:name="com.google.firebase.components:com.google.firebase.messaging.FirebaseMessagingRegistrar"
101-->[com.google.firebase:firebase-messaging:23.2.1] AndroidManifest.xml:54:17-119
102                android:value="com.google.firebase.components.ComponentRegistrar" />
102-->[com.google.firebase:firebase-messaging:23.2.1] AndroidManifest.xml:55:17-82
103            <meta-data
103-->[com.google.android.gms:play-services-measurement-api:21.3.0] AndroidManifest.xml:31:13-33:85
104                android:name="com.google.firebase.components:com.google.firebase.analytics.connector.internal.AnalyticsConnectorRegistrar"
104-->[com.google.android.gms:play-services-measurement-api:21.3.0] AndroidManifest.xml:32:17-139
105                android:value="com.google.firebase.components.ComponentRegistrar" />
105-->[com.google.android.gms:play-services-measurement-api:21.3.0] AndroidManifest.xml:33:17-82
106            <meta-data
106-->[com.google.firebase:firebase-installations:17.1.4] AndroidManifest.xml:15:13-17:85
107                android:name="com.google.firebase.components:com.google.firebase.installations.FirebaseInstallationsRegistrar"
107-->[com.google.firebase:firebase-installations:17.1.4] AndroidManifest.xml:16:17-127
108                android:value="com.google.firebase.components.ComponentRegistrar" />
108-->[com.google.firebase:firebase-installations:17.1.4] AndroidManifest.xml:17:17-82
109            <meta-data
109-->[com.google.firebase:firebase-datatransport:18.1.7] AndroidManifest.xml:27:13-29:85
110                android:name="com.google.firebase.components:com.google.firebase.datatransport.TransportRegistrar"
110-->[com.google.firebase:firebase-datatransport:18.1.7] AndroidManifest.xml:28:17-115
111                android:value="com.google.firebase.components.ComponentRegistrar" />
111-->[com.google.firebase:firebase-datatransport:18.1.7] AndroidManifest.xml:29:17-82
112        </service>
113        <service
113-->[:firebase_messaging] AndroidManifest.xml:16:9-19:72
114            android:name="io.flutter.plugins.firebase.messaging.FlutterFirebaseMessagingBackgroundService"
114-->[:firebase_messaging] AndroidManifest.xml:17:13-107
115            android:exported="false"
115-->[:firebase_messaging] AndroidManifest.xml:18:13-37
116            android:permission="android.permission.BIND_JOB_SERVICE" />
116-->[:firebase_messaging] AndroidManifest.xml:19:13-69
117        <service
117-->[:firebase_messaging] AndroidManifest.xml:20:9-26:19
118            android:name="io.flutter.plugins.firebase.messaging.FlutterFirebaseMessagingService"
118-->[:firebase_messaging] AndroidManifest.xml:21:13-97
119            android:exported="false" >
119-->[:firebase_messaging] AndroidManifest.xml:22:13-37
120            <intent-filter>
120-->[:firebase_messaging] AndroidManifest.xml:23:13-25:29
121                <action android:name="com.google.firebase.MESSAGING_EVENT" />
121-->[:firebase_messaging] AndroidManifest.xml:24:17-78
121-->[:firebase_messaging] AndroidManifest.xml:24:25-75
122            </intent-filter>
123        </service>
124
125        <receiver
125-->[:firebase_messaging] AndroidManifest.xml:28:9-35:20
126            android:name="io.flutter.plugins.firebase.messaging.FlutterFirebaseMessagingReceiver"
126-->[:firebase_messaging] AndroidManifest.xml:29:13-98
127            android:exported="true"
127-->[:firebase_messaging] AndroidManifest.xml:30:13-36
128            android:permission="com.google.android.c2dm.permission.SEND" >
128-->[:firebase_messaging] AndroidManifest.xml:31:13-73
129            <intent-filter>
129-->[:firebase_messaging] AndroidManifest.xml:32:13-34:29
130                <action android:name="com.google.android.c2dm.intent.RECEIVE" />
130-->[:firebase_messaging] AndroidManifest.xml:33:17-81
130-->[:firebase_messaging] AndroidManifest.xml:33:25-78
131            </intent-filter>
132        </receiver>
133
134        <provider
134-->[:firebase_messaging] AndroidManifest.xml:43:9-47:38
135            android:name="io.flutter.plugins.firebase.messaging.FlutterFirebaseMessagingInitProvider"
135-->[:firebase_messaging] AndroidManifest.xml:44:13-102
136            android:authorities="com.atoz.shop_zone.flutterfirebasemessaginginitprovider"
136-->[:firebase_messaging] AndroidManifest.xml:45:13-88
137            android:exported="false"
137-->[:firebase_messaging] AndroidManifest.xml:46:13-37
138            android:initOrder="99" />
138-->[:firebase_messaging] AndroidManifest.xml:47:13-35
139        <provider
139-->[:image_picker_android] AndroidManifest.xml:10:9-18:20
140            android:name="io.flutter.plugins.imagepicker.ImagePickerFileProvider"
140-->[:image_picker_android] AndroidManifest.xml:11:13-82
141            android:authorities="com.atoz.shop_zone.flutter.image_provider"
141-->[:image_picker_android] AndroidManifest.xml:12:13-74
142            android:exported="false"
142-->[:image_picker_android] AndroidManifest.xml:13:13-37
143            android:grantUriPermissions="true" >
143-->[:image_picker_android] AndroidManifest.xml:14:13-47
144            <meta-data
144-->[:image_picker_android] AndroidManifest.xml:15:13-17:75
145                android:name="android.support.FILE_PROVIDER_PATHS"
145-->[:image_picker_android] AndroidManifest.xml:16:17-67
146                android:resource="@xml/flutter_image_picker_file_paths" />
146-->[:image_picker_android] AndroidManifest.xml:17:17-72
147        </provider>
148
149        <activity
149-->[com.google.firebase:firebase-auth:22.1.2] AndroidManifest.xml:29:9-46:20
150            android:name="com.google.firebase.auth.internal.GenericIdpActivity"
150-->[com.google.firebase:firebase-auth:22.1.2] AndroidManifest.xml:30:13-80
151            android:excludeFromRecents="true"
151-->[com.google.firebase:firebase-auth:22.1.2] AndroidManifest.xml:31:13-46
152            android:exported="true"
152-->[com.google.firebase:firebase-auth:22.1.2] AndroidManifest.xml:32:13-36
153            android:launchMode="singleTask"
153-->[com.google.firebase:firebase-auth:22.1.2] AndroidManifest.xml:33:13-44
154            android:theme="@android:style/Theme.Translucent.NoTitleBar" >
154-->[com.google.firebase:firebase-auth:22.1.2] AndroidManifest.xml:34:13-72
155            <intent-filter>
155-->[com.google.firebase:firebase-auth:22.1.2] AndroidManifest.xml:35:13-45:29
156                <action android:name="android.intent.action.VIEW" />
156-->[com.google.firebase:firebase-auth:22.1.2] AndroidManifest.xml:36:17-69
156-->[com.google.firebase:firebase-auth:22.1.2] AndroidManifest.xml:36:25-66
157
158                <category android:name="android.intent.category.DEFAULT" />
158-->[com.google.firebase:firebase-auth:22.1.2] AndroidManifest.xml:38:17-76
158-->[com.google.firebase:firebase-auth:22.1.2] AndroidManifest.xml:38:27-73
159                <category android:name="android.intent.category.BROWSABLE" />
159-->[com.google.firebase:firebase-auth:22.1.2] AndroidManifest.xml:39:17-78
159-->[com.google.firebase:firebase-auth:22.1.2] AndroidManifest.xml:39:27-75
160
161                <data
161-->[com.google.firebase:firebase-auth:22.1.2] AndroidManifest.xml:41:17-44:51
162                    android:host="firebase.auth"
162-->[com.google.firebase:firebase-auth:22.1.2] AndroidManifest.xml:42:21-49
163                    android:path="/"
163-->[com.google.firebase:firebase-auth:22.1.2] AndroidManifest.xml:43:21-37
164                    android:scheme="genericidp" />
164-->[com.google.firebase:firebase-auth:22.1.2] AndroidManifest.xml:44:21-48
165            </intent-filter>
166        </activity>
167        <activity
167-->[com.google.firebase:firebase-auth:22.1.2] AndroidManifest.xml:47:9-64:20
168            android:name="com.google.firebase.auth.internal.RecaptchaActivity"
168-->[com.google.firebase:firebase-auth:22.1.2] AndroidManifest.xml:48:13-79
169            android:excludeFromRecents="true"
169-->[com.google.firebase:firebase-auth:22.1.2] AndroidManifest.xml:49:13-46
170            android:exported="true"
170-->[com.google.firebase:firebase-auth:22.1.2] AndroidManifest.xml:50:13-36
171            android:launchMode="singleTask"
171-->[com.google.firebase:firebase-auth:22.1.2] AndroidManifest.xml:51:13-44
172            android:theme="@android:style/Theme.Translucent.NoTitleBar" >
172-->[com.google.firebase:firebase-auth:22.1.2] AndroidManifest.xml:52:13-72
173            <intent-filter>
173-->[com.google.firebase:firebase-auth:22.1.2] AndroidManifest.xml:53:13-63:29
174                <action android:name="android.intent.action.VIEW" />
174-->[com.google.firebase:firebase-auth:22.1.2] AndroidManifest.xml:36:17-69
174-->[com.google.firebase:firebase-auth:22.1.2] AndroidManifest.xml:36:25-66
175
176                <category android:name="android.intent.category.DEFAULT" />
176-->[com.google.firebase:firebase-auth:22.1.2] AndroidManifest.xml:38:17-76
176-->[com.google.firebase:firebase-auth:22.1.2] AndroidManifest.xml:38:27-73
177                <category android:name="android.intent.category.BROWSABLE" />
177-->[com.google.firebase:firebase-auth:22.1.2] AndroidManifest.xml:39:17-78
177-->[com.google.firebase:firebase-auth:22.1.2] AndroidManifest.xml:39:27-75
178
179                <data
179-->[com.google.firebase:firebase-auth:22.1.2] AndroidManifest.xml:41:17-44:51
180                    android:host="firebase.auth"
180-->[com.google.firebase:firebase-auth:22.1.2] AndroidManifest.xml:42:21-49
181                    android:path="/"
181-->[com.google.firebase:firebase-auth:22.1.2] AndroidManifest.xml:43:21-37
182                    android:scheme="recaptcha" />
182-->[com.google.firebase:firebase-auth:22.1.2] AndroidManifest.xml:44:21-48
183            </intent-filter>
184        </activity>
185
186        <receiver
186-->[com.google.firebase:firebase-messaging:23.2.1] AndroidManifest.xml:29:9-36:20
187            android:name="com.google.firebase.iid.FirebaseInstanceIdReceiver"
187-->[com.google.firebase:firebase-messaging:23.2.1] AndroidManifest.xml:30:13-78
188            android:exported="true"
188-->[com.google.firebase:firebase-messaging:23.2.1] AndroidManifest.xml:31:13-36
189            android:permission="com.google.android.c2dm.permission.SEND" >
189-->[com.google.firebase:firebase-messaging:23.2.1] AndroidManifest.xml:32:13-73
190            <intent-filter>
190-->[:firebase_messaging] AndroidManifest.xml:32:13-34:29
191                <action android:name="com.google.android.c2dm.intent.RECEIVE" />
191-->[:firebase_messaging] AndroidManifest.xml:33:17-81
191-->[:firebase_messaging] AndroidManifest.xml:33:25-78
192            </intent-filter>
193        </receiver>
194        <!--
195             FirebaseMessagingService performs security checks at runtime,
196             but set to not exported to explicitly avoid allowing another app to call it.
197        -->
198        <service
198-->[com.google.firebase:firebase-messaging:23.2.1] AndroidManifest.xml:42:9-49:19
199            android:name="com.google.firebase.messaging.FirebaseMessagingService"
199-->[com.google.firebase:firebase-messaging:23.2.1] AndroidManifest.xml:43:13-82
200            android:directBootAware="true"
200-->[com.google.firebase:firebase-messaging:23.2.1] AndroidManifest.xml:44:13-43
201            android:exported="false" >
201-->[com.google.firebase:firebase-messaging:23.2.1] AndroidManifest.xml:45:13-37
202            <intent-filter android:priority="-500" >
202-->[:firebase_messaging] AndroidManifest.xml:23:13-25:29
203                <action android:name="com.google.firebase.MESSAGING_EVENT" />
203-->[:firebase_messaging] AndroidManifest.xml:24:17-78
203-->[:firebase_messaging] AndroidManifest.xml:24:25-75
204            </intent-filter>
205        </service>
206
207        <provider
207-->[com.google.firebase:firebase-common:20.3.3] AndroidManifest.xml:25:9-30:39
208            android:name="com.google.firebase.provider.FirebaseInitProvider"
208-->[com.google.firebase:firebase-common:20.3.3] AndroidManifest.xml:26:13-77
209            android:authorities="com.atoz.shop_zone.firebaseinitprovider"
209-->[com.google.firebase:firebase-common:20.3.3] AndroidManifest.xml:27:13-72
210            android:directBootAware="true"
210-->[com.google.firebase:firebase-common:20.3.3] AndroidManifest.xml:28:13-43
211            android:exported="false"
211-->[com.google.firebase:firebase-common:20.3.3] AndroidManifest.xml:29:13-37
212            android:initOrder="100" />
212-->[com.google.firebase:firebase-common:20.3.3] AndroidManifest.xml:30:13-36
213
214        <activity
214-->[com.google.android.gms:play-services-base:18.0.1] AndroidManifest.xml:20:9-22:45
215            android:name="com.google.android.gms.common.api.GoogleApiActivity"
215-->[com.google.android.gms:play-services-base:18.0.1] AndroidManifest.xml:20:19-85
216            android:exported="false"
216-->[com.google.android.gms:play-services-base:18.0.1] AndroidManifest.xml:22:19-43
217            android:theme="@android:style/Theme.Translucent.NoTitleBar" />
217-->[com.google.android.gms:play-services-base:18.0.1] AndroidManifest.xml:21:19-78
218
219        <receiver
219-->[com.google.android.gms:play-services-measurement:21.3.0] AndroidManifest.xml:29:9-33:20
220            android:name="com.google.android.gms.measurement.AppMeasurementReceiver"
220-->[com.google.android.gms:play-services-measurement:21.3.0] AndroidManifest.xml:30:13-85
221            android:enabled="true"
221-->[com.google.android.gms:play-services-measurement:21.3.0] AndroidManifest.xml:31:13-35
222            android:exported="false" >
222-->[com.google.android.gms:play-services-measurement:21.3.0] AndroidManifest.xml:32:13-37
223        </receiver>
224
225        <service
225-->[com.google.android.gms:play-services-measurement:21.3.0] AndroidManifest.xml:35:9-38:40
226            android:name="com.google.android.gms.measurement.AppMeasurementService"
226-->[com.google.android.gms:play-services-measurement:21.3.0] AndroidManifest.xml:36:13-84
227            android:enabled="true"
227-->[com.google.android.gms:play-services-measurement:21.3.0] AndroidManifest.xml:37:13-35
228            android:exported="false" />
228-->[com.google.android.gms:play-services-measurement:21.3.0] AndroidManifest.xml:38:13-37
229        <service
229-->[com.google.android.gms:play-services-measurement:21.3.0] AndroidManifest.xml:39:9-43:72
230            android:name="com.google.android.gms.measurement.AppMeasurementJobService"
230-->[com.google.android.gms:play-services-measurement:21.3.0] AndroidManifest.xml:40:13-87
231            android:enabled="true"
231-->[com.google.android.gms:play-services-measurement:21.3.0] AndroidManifest.xml:41:13-35
232            android:exported="false"
232-->[com.google.android.gms:play-services-measurement:21.3.0] AndroidManifest.xml:42:13-37
233            android:permission="android.permission.BIND_JOB_SERVICE" />
233-->[com.google.android.gms:play-services-measurement:21.3.0] AndroidManifest.xml:43:13-69
234
235        <meta-data
235-->[com.google.android.gms:play-services-basement:18.1.0] AndroidManifest.xml:21:9-23:69
236            android:name="com.google.android.gms.version"
236-->[com.google.android.gms:play-services-basement:18.1.0] AndroidManifest.xml:22:13-58
237            android:value="@integer/google_play_services_version" />
237-->[com.google.android.gms:play-services-basement:18.1.0] AndroidManifest.xml:23:13-66
238
239        <uses-library
239-->[androidx.window:window:1.0.0-beta04] AndroidManifest.xml:25:9-27:40
240            android:name="androidx.window.extensions"
240-->[androidx.window:window:1.0.0-beta04] AndroidManifest.xml:26:13-54
241            android:required="false" />
241-->[androidx.window:window:1.0.0-beta04] AndroidManifest.xml:27:13-37
242        <uses-library
242-->[androidx.window:window:1.0.0-beta04] AndroidManifest.xml:28:9-30:40
243            android:name="androidx.window.sidecar"
243-->[androidx.window:window:1.0.0-beta04] AndroidManifest.xml:29:13-51
244            android:required="false" />
244-->[androidx.window:window:1.0.0-beta04] AndroidManifest.xml:30:13-37
245
246        <service
246-->[com.google.android.datatransport:transport-backend-cct:3.1.8] AndroidManifest.xml:28:9-34:19
247            android:name="com.google.android.datatransport.runtime.backends.TransportBackendDiscovery"
247-->[com.google.android.datatransport:transport-backend-cct:3.1.8] AndroidManifest.xml:29:13-103
248            android:exported="false" >
248-->[com.google.android.datatransport:transport-backend-cct:3.1.8] AndroidManifest.xml:30:13-37
249            <meta-data
249-->[com.google.android.datatransport:transport-backend-cct:3.1.8] AndroidManifest.xml:31:13-33:39
250                android:name="backend:com.google.android.datatransport.cct.CctBackendFactory"
250-->[com.google.android.datatransport:transport-backend-cct:3.1.8] AndroidManifest.xml:32:17-94
251                android:value="cct" />
251-->[com.google.android.datatransport:transport-backend-cct:3.1.8] AndroidManifest.xml:33:17-36
252        </service>
253        <service
253-->[com.google.android.datatransport:transport-runtime:3.1.8] AndroidManifest.xml:26:9-30:19
254            android:name="com.google.android.datatransport.runtime.scheduling.jobscheduling.JobInfoSchedulerService"
254-->[com.google.android.datatransport:transport-runtime:3.1.8] AndroidManifest.xml:27:13-117
255            android:exported="false"
255-->[com.google.android.datatransport:transport-runtime:3.1.8] AndroidManifest.xml:28:13-37
256            android:permission="android.permission.BIND_JOB_SERVICE" >
256-->[com.google.android.datatransport:transport-runtime:3.1.8] AndroidManifest.xml:29:13-69
257        </service>
258
259        <receiver
259-->[com.google.android.datatransport:transport-runtime:3.1.8] AndroidManifest.xml:32:9-34:40
260            android:name="com.google.android.datatransport.runtime.scheduling.jobscheduling.AlarmManagerSchedulerBroadcastReceiver"
260-->[com.google.android.datatransport:transport-runtime:3.1.8] AndroidManifest.xml:33:13-132
261            android:exported="false" />
261-->[com.google.android.datatransport:transport-runtime:3.1.8] AndroidManifest.xml:34:13-37
262
263        <provider
263-->[androidx.profileinstaller:profileinstaller:1.3.0] AndroidManifest.xml:24:9-32:20
264            android:name="androidx.startup.InitializationProvider"
264-->[androidx.profileinstaller:profileinstaller:1.3.0] AndroidManifest.xml:25:13-67
265            android:authorities="com.atoz.shop_zone.androidx-startup"
265-->[androidx.profileinstaller:profileinstaller:1.3.0] AndroidManifest.xml:26:13-68
266            android:exported="false" >
266-->[androidx.profileinstaller:profileinstaller:1.3.0] AndroidManifest.xml:27:13-37
267            <meta-data
267-->[androidx.profileinstaller:profileinstaller:1.3.0] AndroidManifest.xml:29:13-31:52
268                android:name="androidx.profileinstaller.ProfileInstallerInitializer"
268-->[androidx.profileinstaller:profileinstaller:1.3.0] AndroidManifest.xml:30:17-85
269                android:value="androidx.startup" />